<?xml version="1.0" encoding="UTF-8"?>
<pdfparams>
<name><![CDATA[test-1]]></name>
<title><![CDATA[Test Catalouge]]></title>
<filename><![CDATA[test-1]]></filename>
<legalnotice><![CDATA[<p>All content of this catalog is owned or controlled by My Company and is protected by worldwide copyright laws.</p>]]></legalnotice>
<footer><![CDATA[<p>This catalog is provided by My Company.</p>]]></footer>
<idlang>2</idlang>
<firstpage>1</firstpage>
<tocdisplay>1</tocdisplay>
<pagenumber>1</pagenumber>
<format><![CDATA[3x5]]></format>
<uselinks>1</uselinks>
<usecategcover>1</usecategcover>
<usecategheader>1</usecategheader>
<activeproduct></activeproduct>
<withstockproduct></withstockproduct>
<filterbybrand>-</filterbybrand>
<orderby><![CDATA[manufacturer$desc]]></orderby>
<xdaysago><![CDATA[]]></xdaysago>
<doctitle><![CDATA[Katalog Test 1]]></doctitle>
<docsubject><![CDATA[Test Inhalt]]></docsubject>
<doccreator><![CDATA[Star Food Impex GmbH]]></doccreator>
<doclogo><![CDATA[logo-test-1-2019-02-04-17-37-47.png]]></doclogo>
<author><![CDATA[Star Food Impex GmbH]]></author>
<categlist><![CDATA[2,302,285,288,289,311,312,313,314,315,290,291,308,309,310,292,304,305,306,307,351,293,294,353,295,316,317,318,319,296,297,287,325,326,327,328,329,330,298,43,334,335,336,350,320,321,322,323,324,347,331,352,337,343,344,345,346,349,348,286,299,300,301,338,339,340,341,342,332,303,34,63,52,55,131,146,185,211,214,213,216,217,186,218,219,333,56,112,227,228,35,60,69,229,215,230,231,234,233,235,236,40,283,38,239,240,241,242,243,244,245,246,247,248,249,232,284,41,210,220,221,222,223,39,93,128,129,130,212,251,253,256,257,258,259,260,261,263,264,262,265,266,237,252,267,268,269,270,272,271,238,273,274,275,277,278,254,255,280,281,282,276,279]]></categlist>
<currency>1</currency>
<usecustomergroup>1</usecustomergroup>
<productimageformat>large_default</productimageformat>
<fontname>helvetica</fontname>
<vatinc>1</vatinc>
<vatexc></vatexc>
<emptycol></emptycol>
<emptycollibelle></emptycollibelle>
<product_title>title</product_title>
<combinationsinc>0</combinationsinc>
<thousandssep> </thousandssep>
<decimalssep>,</decimalssep>
<hidecurrency></hidecurrency>
<showSupplierReference></showSupplierReference>
<showStock></showStock>
<dontShowFakeCombinations></dontShowFakeCombinations>
<hidedecimals></hidedecimals>
<categorynewpage></categorynewpage>
<pc_collibelle_1></pc_collibelle_1>
<pc_collibelle_2></pc_collibelle_2>
<pc_currency_1></pc_currency_1>
<pc_currency_2></pc_currency_2>
<pc_usecustomergroup_1></pc_usecustomergroup_1>
<pc_usecustomergroup_2></pc_usecustomergroup_2>
<pc_pricecolumns_1></pc_pricecolumns_1>
<pc_pricecolumns_2></pc_pricecolumns_2>
</pdfparams>
